{"name":"User can successfully sign up","status":"failed","statusDetails":{"known":false,"muted":false,"flaky":false,"message":"Invalid element state: element click intercepted: Element <ion-button _ngcontent-uym-c2=\"\" class=\"top-button ion-color ion-color-success md button button-block button-round button-solid button-strong button-disabled ion-activatable ion-focusable hydrated\" color=\"success\" expand=\"block\" shape=\"round\" strong=\"true\" ng-reflect-color=\"success\" ng-reflect-expand=\"block\" ng-reflect-shape=\"round\" ng-reflect-strong=\"true\" ng-reflect-disabled=\"[object Object]\" aria-disabled=\"true\">...</ion-button> is not clickable at point (624, 603). Other element would receive the click: <ion-backdrop class=\"sc-ion-picker-md md hydrated\" tabindex=\"-1\"></ion-backdrop>\r\nScreenshot: file:/C:/Users/User/IdeaProjects/appery/build/reports/tests/1594904369477.0.png\r\nPage source: file:/C:/Users/User/IdeaProjects/appery/build/reports/tests/1594904369477.0.html\r\nTimeout: 6 s.\r\nCaused by: ElementClickInterceptedException: element click intercepted: Element <ion-button _ngcontent-uym-c2=\"\" class=\"top-button ion-color ion-color-success md button button-block button-round button-solid button-strong button-disabled ion-activatable ion-focusable hydrated\" color=\"success\" expand=\"block\" shape=\"round\" strong=\"true\" ng-reflect-color=\"success\" ng-reflect-expand=\"block\" ng-reflect-shape=\"round\" ng-reflect-strong=\"true\" ng-reflect-disabled=\"[object Object]\" aria-disabled=\"true\">...</ion-button> is not clickable at point (624, 603). Other element would receive the click: <ion-backdrop class=\"sc-ion-picker-md md hydrated\" tabindex=\"-1\"></ion-backdrop>","trace":"Invalid element state: element click intercepted: Element <ion-button _ngcontent-uym-c2=\"\" class=\"top-button ion-color ion-color-success md button button-block button-round button-solid button-strong button-disabled ion-activatable ion-focusable hydrated\" color=\"success\" expand=\"block\" shape=\"round\" strong=\"true\" ng-reflect-color=\"success\" ng-reflect-expand=\"block\" ng-reflect-shape=\"round\" ng-reflect-strong=\"true\" ng-reflect-disabled=\"[object Object]\" aria-disabled=\"true\">...</ion-button> is not clickable at point (624, 603). Other element would receive the click: <ion-backdrop class=\"sc-ion-picker-md md hydrated\" tabindex=\"-1\"></ion-backdrop>\r\nScreenshot: file:/C:/Users/User/IdeaProjects/appery/build/reports/tests/1594904369477.0.png\r\nPage source: file:/C:/Users/User/IdeaProjects/appery/build/reports/tests/1594904369477.0.html\r\nTimeout: 6 s.\r\nCaused by: ElementClickInterceptedException: element click intercepted: Element <ion-button _ngcontent-uym-c2=\"\" class=\"top-button ion-color ion-color-success md button button-block button-round button-solid button-strong button-disabled ion-activatable ion-focusable hydrated\" color=\"success\" expand=\"block\" shape=\"round\" strong=\"true\" ng-reflect-color=\"success\" ng-reflect-expand=\"block\" ng-reflect-shape=\"round\" ng-reflect-strong=\"true\" ng-reflect-disabled=\"[object Object]\" aria-disabled=\"true\">...</ion-button> is not clickable at point (624, 603). Other element would receive the click: <ion-backdrop class=\"sc-ion-picker-md md hydrated\" tabindex=\"-1\"></ion-backdrop>\r\n\tat com.codeborne.selenide.impl.SelenideElementProxy.dispatchAndRetry(SelenideElementProxy.java:130)\r\n\tat com.codeborne.selenide.impl.SelenideElementProxy.invoke(SelenideElementProxy.java:70)\r\n\tat com.sun.proxy.$Proxy7.click(Unknown Source)\r\n\tat io.appery.Pages.SignUpPage.signUp(SignUpPage.java:54)\r\n\tat io.appery.TestCases.SignUp.SignUpTest.signUpTest(SignUpTest.java:12)\r\n\tat java.base/jdk.internal.reflect.NativeMethodAccessorImpl.invoke0(Native Method)\r\n\tat java.base/jdk.internal.reflect.NativeMethodAccessorImpl.invoke(NativeMethodAccessorImpl.java:62)\r\n\tat java.base/jdk.internal.reflect.DelegatingMethodAccessorImpl.invoke(DelegatingMethodAccessorImpl.java:43)\r\n\tat java.base/java.lang.reflect.Method.invoke(Method.java:566)\r\n\tat org.testng.internal.MethodInvocationHelper.invokeMethod(MethodInvocationHelper.java:124)\r\n\tat org.testng.internal.Invoker.invokeMethod(Invoker.java:583)\r\n\tat org.testng.internal.Invoker.invokeTestMethod(Invoker.java:719)\r\n\tat org.testng.internal.Invoker.invokeTestMethods(Invoker.java:989)\r\n\tat org.testng.internal.TestMethodWorker.invokeTestMethods(TestMethodWorker.java:125)\r\n\tat org.testng.internal.TestMethodWorker.run(TestMethodWorker.java:109)\r\n\tat org.testng.TestRunner.privateRun(TestRunner.java:648)\r\n\tat org.testng.TestRunner.run(TestRunner.java:505)\r\n\tat org.testng.SuiteRunner.runTest(SuiteRunner.java:455)\r\n\tat org.testng.SuiteRunner.runSequentially(SuiteRunner.java:450)\r\n\tat org.testng.SuiteRunner.privateRun(SuiteRunner.java:415)\r\n\tat org.testng.SuiteRunner.run(SuiteRunner.java:364)\r\n\tat org.testng.SuiteRunnerWorker.runSuite(SuiteRunnerWorker.java:52)\r\n\tat org.testng.SuiteRunnerWorker.run(SuiteRunnerWorker.java:84)\r\n\tat org.testng.TestNG.runSuitesSequentially(TestNG.java:1208)\r\n\tat org.testng.TestNG.runSuitesLocally(TestNG.java:1137)\r\n\tat org.testng.TestNG.runSuites(TestNG.java:1049)\r\n\tat org.testng.TestNG.run(TestNG.java:1017)\r\n\tat com.intellij.rt.testng.IDEARemoteTestNG.run(IDEARemoteTestNG.java:66)\r\n\tat com.intellij.rt.testng.RemoteTestNGStarter.main(RemoteTestNGStarter.java:110)\r\nCaused by: org.openqa.selenium.ElementClickInterceptedException: element click intercepted: Element <ion-button _ngcontent-uym-c2=\"\" class=\"top-button ion-color ion-color-success md button button-block button-round button-solid button-strong button-disabled ion-activatable ion-focusable hydrated\" color=\"success\" expand=\"block\" shape=\"round\" strong=\"true\" ng-reflect-color=\"success\" ng-reflect-expand=\"block\" ng-reflect-shape=\"round\" ng-reflect-strong=\"true\" ng-reflect-disabled=\"[object Object]\" aria-disabled=\"true\">...</ion-button> is not clickable at point (624, 603). Other element would receive the click: <ion-backdrop class=\"sc-ion-picker-md md hydrated\" tabindex=\"-1\"></ion-backdrop>\n  (Session info: chrome=83.0.4103.116)\nBuild info: version: '3.141.59', revision: 'e82be7d358', time: '2018-11-14T08:17:03'\nSystem info: host: 'WIN-4PT72I7HINB', ip: '192.168.33.1', os.name: 'Windows 10', os.arch: 'amd64', os.version: '10.0', java.version: '11.0.3'\nDriver info: org.openqa.selenium.chrome.ChromeDriver\nCapabilities {acceptInsecureCerts: false, browserName: chrome, browserVersion: 83.0.4103.116, chrome: {chromedriverVersion: 83.0.4103.39 (ccbf011cb2d2b..., userDataDir: C:\\Users\\User\\AppData\\Local...}, goog:chromeOptions: {debuggerAddress: localhost:53107}, javascriptEnabled: true, networkConnectionEnabled: false, pageLoadStrategy: normal, platform: WINDOWS, platformName: WINDOWS, proxy: Proxy(), setWindowRect: true, strictFileInteractability: false, timeouts: {implicit: 0, pageLoad: 300000, script: 30000}, unhandledPromptBehavior: dismiss and notify, webauthn:virtualAuthenticators: true}\nSession ID: 8db0bb2ad566a28a9bfde358297f199c\r\n\tat java.base/jdk.internal.reflect.NativeConstructorAccessorImpl.newInstance0(Native Method)\r\n\tat java.base/jdk.internal.reflect.NativeConstructorAccessorImpl.newInstance(NativeConstructorAccessorImpl.java:62)\r\n\tat java.base/jdk.internal.reflect.DelegatingConstructorAccessorImpl.newInstance(DelegatingConstructorAccessorImpl.java:45)\r\n\tat java.base/java.lang.reflect.Constructor.newInstance(Constructor.java:490)\r\n\tat org.openqa.selenium.remote.http.W3CHttpResponseCodec.createException(W3CHttpResponseCodec.java:187)\r\n\tat org.openqa.selenium.remote.http.W3CHttpResponseCodec.decode(W3CHttpResponseCodec.java:122)\r\n\tat org.openqa.selenium.remote.http.W3CHttpResponseCodec.decode(W3CHttpResponseCodec.java:49)\r\n\tat org.openqa.selenium.remote.HttpCommandExecutor.execute(HttpCommandExecutor.java:158)\r\n\tat org.openqa.selenium.remote.service.DriverCommandExecutor.execute(DriverCommandExecutor.java:83)\r\n\tat org.openqa.selenium.remote.RemoteWebDriver.execute(RemoteWebDriver.java:552)\r\n\tat org.openqa.selenium.remote.RemoteWebElement.execute(RemoteWebElement.java:285)\r\n\tat org.openqa.selenium.remote.RemoteWebElement.click(RemoteWebElement.java:84)\r\n\tat com.codeborne.selenide.commands.Click.click(Click.java:35)\r\n\tat com.codeborne.selenide.commands.Click.execute(Click.java:20)\r\n\tat com.codeborne.selenide.commands.Click.execute(Click.java:14)\r\n\tat com.codeborne.selenide.commands.Commands.execute(Commands.java:152)\r\n\tat com.codeborne.selenide.impl.SelenideElementProxy.dispatchAndRetry(SelenideElementProxy.java:104)\r\n\t... 28 more\r\n"},"stage":"finished","steps":[],"attachments":[],"parameters":[],"start":1594904345993,"stop":1594904369864,"uuid":"14f0c95c-6766-45b9-88ac-9c991a7ca87d","historyId":"8cc0881ce74cae8e886d5ac1735c32a7","fullName":"io.appery.TestCases.SignUp.SignUpTest.signUpTest","labels":[{"name":"package","value":"io.appery.TestCases.SignUp.SignUpTest"},{"name":"testClass","value":"io.appery.TestCases.SignUp.SignUpTest"},{"name":"testMethod","value":"signUpTest"},{"name":"parentSuite","value":"Default Suite"},{"name":"suite","value":"appery"},{"name":"subSuite","value":"io.appery.TestCases.SignUp.SignUpTest"},{"name":"host","value":"WIN-4PT72I7HINB"},{"name":"thread","value":"9156@WIN-4PT72I7HINB.main(1)"}],"links":[]}