{"name":"User can successfully sign up","status":"failed","statusDetails":{"known":false,"muted":false,"flaky":false,"message":"Element not found {By.name: name=\"emailClient\"}\r\nExpected: visible or transparent: visible or have css value opacity=0\r\nScreenshot: file:/C:/Users/User/IdeaProjects/appery/build/reports/tests/1594748026351.0.png\r\nPage source: file:/C:/Users/User/IdeaProjects/appery/build/reports/tests/1594748026351.0.html\r\nTimeout: 6 s.\r\nCaused by: NoSuchElementException: no such element: Unable to locate element: {\"method\":\"css selector\",\"selector\":\"*[name='name=\"emailClient\"']\"}","trace":"Element not found {By.name: name=\"emailClient\"}\r\nExpected: visible or transparent: visible or have css value opacity=0\r\nScreenshot: file:/C:/Users/User/IdeaProjects/appery/build/reports/tests/1594748026351.0.png\r\nPage source: file:/C:/Users/User/IdeaProjects/appery/build/reports/tests/1594748026351.0.html\r\nTimeout: 6 s.\r\nCaused by: NoSuchElementException: no such element: Unable to locate element: {\"method\":\"css selector\",\"selector\":\"*[name='name=\"emailClient\"']\"}\r\n\tat com.codeborne.selenide.impl.WebElementSource.createElementNotFoundError(WebElementSource.java:56)\r\n\tat com.codeborne.selenide.impl.ElementFinder.createElementNotFoundError(ElementFinder.java:133)\r\n\tat com.codeborne.selenide.impl.WebElementSource.checkCondition(WebElementSource.java:87)\r\n\tat com.codeborne.selenide.impl.WebElementSource.findAndAssertElementIsInteractable(WebElementSource.java:112)\r\n\tat com.codeborne.selenide.commands.SetValue.execute(SetValue.java:36)\r\n\tat com.codeborne.selenide.commands.SetValue.execute(SetValue.java:17)\r\n\tat com.codeborne.selenide.commands.Commands.execute(Commands.java:152)\r\n\tat com.codeborne.selenide.impl.SelenideElementProxy.dispatchAndRetry(SelenideElementProxy.java:104)\r\n\tat com.codeborne.selenide.impl.SelenideElementProxy.invoke(SelenideElementProxy.java:70)\r\n\tat com.sun.proxy.$Proxy7.setValue(Unknown Source)\r\n\tat io.appery.Pages.SignUpPage.signUp(SignUpPage.java:42)\r\n\tat io.appery.TestCases.SignUp.SignUpTest.signUpTest(SignUpTest.java:12)\r\n\tat java.base/jdk.internal.reflect.NativeMethodAccessorImpl.invoke0(Native Method)\r\n\tat java.base/jdk.internal.reflect.NativeMethodAccessorImpl.invoke(NativeMethodAccessorImpl.java:62)\r\n\tat java.base/jdk.internal.reflect.DelegatingMethodAccessorImpl.invoke(DelegatingMethodAccessorImpl.java:43)\r\n\tat java.base/java.lang.reflect.Method.invoke(Method.java:566)\r\n\tat org.testng.internal.MethodInvocationHelper.invokeMethod(MethodInvocationHelper.java:124)\r\n\tat org.testng.internal.Invoker.invokeMethod(Invoker.java:583)\r\n\tat org.testng.internal.Invoker.invokeTestMethod(Invoker.java:719)\r\n\tat org.testng.internal.Invoker.invokeTestMethods(Invoker.java:989)\r\n\tat org.testng.internal.TestMethodWorker.invokeTestMethods(TestMethodWorker.java:125)\r\n\tat org.testng.internal.TestMethodWorker.run(TestMethodWorker.java:109)\r\n\tat org.testng.TestRunner.privateRun(TestRunner.java:648)\r\n\tat org.testng.TestRunner.run(TestRunner.java:505)\r\n\tat org.testng.SuiteRunner.runTest(SuiteRunner.java:455)\r\n\tat org.testng.SuiteRunner.runSequentially(SuiteRunner.java:450)\r\n\tat org.testng.SuiteRunner.privateRun(SuiteRunner.java:415)\r\n\tat org.testng.SuiteRunner.run(SuiteRunner.java:364)\r\n\tat org.testng.SuiteRunnerWorker.runSuite(SuiteRunnerWorker.java:52)\r\n\tat org.testng.SuiteRunnerWorker.run(SuiteRunnerWorker.java:84)\r\n\tat org.testng.TestNG.runSuitesSequentially(TestNG.java:1208)\r\n\tat org.testng.TestNG.runSuitesLocally(TestNG.java:1137)\r\n\tat org.testng.TestNG.runSuites(TestNG.java:1049)\r\n\tat org.testng.TestNG.run(TestNG.java:1017)\r\n\tat com.intellij.rt.testng.IDEARemoteTestNG.run(IDEARemoteTestNG.java:66)\r\n\tat com.intellij.rt.testng.RemoteTestNGStarter.main(RemoteTestNGStarter.java:110)\r\nCaused by: org.openqa.selenium.NoSuchElementException: no such element: Unable to locate element: {\"method\":\"css selector\",\"selector\":\"*[name='name=\"emailClient\"']\"}\n  (Session info: chrome=83.0.4103.116)\nFor documentation on this error, please visit: https://www.seleniumhq.org/exceptions/no_such_element.html\nBuild info: version: '3.141.59', revision: 'e82be7d358', time: '2018-11-14T08:17:03'\nSystem info: host: 'WIN-4PT72I7HINB', ip: '192.168.33.1', os.name: 'Windows 10', os.arch: 'amd64', os.version: '10.0', java.version: '11.0.3'\nDriver info: org.openqa.selenium.chrome.ChromeDriver\nCapabilities {acceptInsecureCerts: false, browserName: chrome, browserVersion: 83.0.4103.116, chrome: {chromedriverVersion: 83.0.4103.39 (ccbf011cb2d2b..., userDataDir: C:\\Users\\User\\AppData\\Local...}, goog:chromeOptions: {debuggerAddress: localhost:63301}, javascriptEnabled: true, networkConnectionEnabled: false, pageLoadStrategy: normal, platform: WINDOWS, platformName: WINDOWS, proxy: Proxy(), setWindowRect: true, strictFileInteractability: false, timeouts: {implicit: 0, pageLoad: 300000, script: 30000}, unhandledPromptBehavior: dismiss and notify, webauthn:virtualAuthenticators: true}\nSession ID: f4a47854f00809764b4b041135f82198\n*** Element info: {Using=name, value=name=\"emailClient\"}\r\n\tat jdk.internal.reflect.GeneratedConstructorAccessor11.newInstance(Unknown Source)\r\n\tat java.base/jdk.internal.reflect.DelegatingConstructorAccessorImpl.newInstance(DelegatingConstructorAccessorImpl.java:45)\r\n\tat java.base/java.lang.reflect.Constructor.newInstance(Constructor.java:490)\r\n\tat org.openqa.selenium.remote.http.W3CHttpResponseCodec.createException(W3CHttpResponseCodec.java:187)\r\n\tat org.openqa.selenium.remote.http.W3CHttpResponseCodec.decode(W3CHttpResponseCodec.java:122)\r\n\tat org.openqa.selenium.remote.http.W3CHttpResponseCodec.decode(W3CHttpResponseCodec.java:49)\r\n\tat org.openqa.selenium.remote.HttpCommandExecutor.execute(HttpCommandExecutor.java:158)\r\n\tat org.openqa.selenium.remote.service.DriverCommandExecutor.execute(DriverCommandExecutor.java:83)\r\n\tat org.openqa.selenium.remote.RemoteWebDriver.execute(RemoteWebDriver.java:552)\r\n\tat org.openqa.selenium.remote.RemoteWebDriver.findElement(RemoteWebDriver.java:323)\r\n\tat org.openqa.selenium.remote.RemoteWebDriver.findElementByName(RemoteWebDriver.java:404)\r\n\tat org.openqa.selenium.By$ByName.findElement(By.java:284)\r\n\tat org.openqa.selenium.remote.RemoteWebDriver.findElement(RemoteWebDriver.java:315)\r\n\tat com.codeborne.selenide.impl.WebElementSelector.findElement(WebElementSelector.java:65)\r\n\tat com.codeborne.selenide.impl.WebElementSelector.findElement(WebElementSelector.java:40)\r\n\tat com.codeborne.selenide.impl.ElementFinder.getWebElement(ElementFinder.java:101)\r\n\tat com.codeborne.selenide.impl.WebElementSource.checkCondition(WebElementSource.java:72)\r\n\t... 33 more\r\n"},"stage":"finished","steps":[],"attachments":[],"parameters":[],"start":1594748020175,"stop":1594748026737,"uuid":"579a8e56-64dd-41c6-8671-ef2ad55ed4cf","historyId":"8cc0881ce74cae8e886d5ac1735c32a7","fullName":"io.appery.TestCases.SignUp.SignUpTest.signUpTest","labels":[{"name":"package","value":"io.appery.TestCases.SignUp.SignUpTest"},{"name":"testClass","value":"io.appery.TestCases.SignUp.SignUpTest"},{"name":"testMethod","value":"signUpTest"},{"name":"parentSuite","value":"Default Suite"},{"name":"suite","value":"appery"},{"name":"subSuite","value":"io.appery.TestCases.SignUp.SignUpTest"},{"name":"host","value":"WIN-4PT72I7HINB"},{"name":"thread","value":"24324@WIN-4PT72I7HINB.main(1)"}],"links":[]}