{"name":"Exercise 3","status":"failed","statusDetails":{"known":false,"muted":false,"flaky":false,"message":"Invalid element state: element not interactable\r\nScreenshot: file:/C:/Users/User/qa-exercise/build/reports/tests/1597845628219.0.png\r\nPage source: file:/C:/Users/User/qa-exercise/build/reports/tests/1597845628219.0.html\r\nTimeout: 20 s.\r\nCaused by: ElementNotInteractableException: element not interactable","trace":"Invalid element state: element not interactable\r\nScreenshot: file:/C:/Users/User/qa-exercise/build/reports/tests/1597845628219.0.png\r\nPage source: file:/C:/Users/User/qa-exercise/build/reports/tests/1597845628219.0.html\r\nTimeout: 20 s.\r\nCaused by: ElementNotInteractableException: element not interactable\r\n\tat com.codeborne.selenide.impl.SelenideElementProxy.dispatchAndRetry(SelenideElementProxy.java:130)\r\n\tat com.codeborne.selenide.impl.SelenideElementProxy.invoke(SelenideElementProxy.java:70)\r\n\tat com.sun.proxy.$Proxy10.click(Unknown Source)\r\n\tat com.valtech.Pages.PublicSectorPage.proceedToTalkToUs(PublicSectorPage.java:65)\r\n\tat com.valtech.TestCases.Exercises.exercise3(Exercises.java:24)\r\n\tat java.base/jdk.internal.reflect.NativeMethodAccessorImpl.invoke0(Native Method)\r\n\tat java.base/jdk.internal.reflect.NativeMethodAccessorImpl.invoke(NativeMethodAccessorImpl.java:62)\r\n\tat java.base/jdk.internal.reflect.DelegatingMethodAccessorImpl.invoke(DelegatingMethodAccessorImpl.java:43)\r\n\tat java.base/java.lang.reflect.Method.invoke(Method.java:566)\r\n\tat org.testng.internal.MethodInvocationHelper.invokeMethod(MethodInvocationHelper.java:124)\r\n\tat org.testng.internal.Invoker.invokeMethod(Invoker.java:583)\r\n\tat org.testng.internal.Invoker.invokeTestMethod(Invoker.java:719)\r\n\tat org.testng.internal.Invoker.invokeTestMethods(Invoker.java:989)\r\n\tat org.testng.internal.TestMethodWorker.invokeTestMethods(TestMethodWorker.java:125)\r\n\tat org.testng.internal.TestMethodWorker.run(TestMethodWorker.java:109)\r\n\tat org.testng.TestRunner.privateRun(TestRunner.java:648)\r\n\tat org.testng.TestRunner.run(TestRunner.java:505)\r\n\tat org.testng.SuiteRunner.runTest(SuiteRunner.java:455)\r\n\tat org.testng.SuiteRunner.runSequentially(SuiteRunner.java:450)\r\n\tat org.testng.SuiteRunner.privateRun(SuiteRunner.java:415)\r\n\tat org.testng.SuiteRunner.run(SuiteRunner.java:364)\r\n\tat org.testng.SuiteRunnerWorker.runSuite(SuiteRunnerWorker.java:52)\r\n\tat org.testng.SuiteRunnerWorker.run(SuiteRunnerWorker.java:84)\r\n\tat org.testng.TestNG.runSuitesSequentially(TestNG.java:1208)\r\n\tat org.testng.TestNG.runSuitesLocally(TestNG.java:1137)\r\n\tat org.testng.TestNG.runSuites(TestNG.java:1049)\r\n\tat org.testng.TestNG.run(TestNG.java:1017)\r\n\tat com.intellij.rt.testng.IDEARemoteTestNG.run(IDEARemoteTestNG.java:66)\r\n\tat com.intellij.rt.testng.RemoteTestNGStarter.main(RemoteTestNGStarter.java:110)\r\nCaused by: org.openqa.selenium.ElementNotInteractableException: element not interactable\n  (Session info: chrome=84.0.4147.125)\nBuild info: version: '3.141.59', revision: 'e82be7d358', time: '2018-11-14T08:17:03'\nSystem info: host: 'WIN-4PT72I7HINB', ip: '192.168.33.1', os.name: 'Windows 10', os.arch: 'amd64', os.version: '10.0', java.version: '11.0.3'\nDriver info: org.openqa.selenium.chrome.ChromeDriver\nCapabilities {acceptInsecureCerts: false, browserName: chrome, browserVersion: 84.0.4147.125, chrome: {chromedriverVersion: 83.0.4103.39 (ccbf011cb2d2b..., userDataDir: C:\\Users\\User\\AppData\\Local...}, goog:chromeOptions: {debuggerAddress: localhost:63904}, javascriptEnabled: true, networkConnectionEnabled: false, pageLoadStrategy: normal, platform: WINDOWS, platformName: WINDOWS, proxy: Proxy(), setWindowRect: true, strictFileInteractability: false, timeouts: {implicit: 0, pageLoad: 300000, script: 30000}, unhandledPromptBehavior: dismiss and notify, webauthn:virtualAuthenticators: true}\nSession ID: 67561906cb17614342b45210a2811ff7\r\n\tat jdk.internal.reflect.GeneratedConstructorAccessor13.newInstance(Unknown Source)\r\n\tat java.base/jdk.internal.reflect.DelegatingConstructorAccessorImpl.newInstance(DelegatingConstructorAccessorImpl.java:45)\r\n\tat java.base/java.lang.reflect.Constructor.newInstance(Constructor.java:490)\r\n\tat org.openqa.selenium.remote.http.W3CHttpResponseCodec.createException(W3CHttpResponseCodec.java:187)\r\n\tat org.openqa.selenium.remote.http.W3CHttpResponseCodec.decode(W3CHttpResponseCodec.java:122)\r\n\tat org.openqa.selenium.remote.http.W3CHttpResponseCodec.decode(W3CHttpResponseCodec.java:49)\r\n\tat org.openqa.selenium.remote.HttpCommandExecutor.execute(HttpCommandExecutor.java:158)\r\n\tat org.openqa.selenium.remote.service.DriverCommandExecutor.execute(DriverCommandExecutor.java:83)\r\n\tat org.openqa.selenium.remote.RemoteWebDriver.execute(RemoteWebDriver.java:552)\r\n\tat org.openqa.selenium.remote.RemoteWebElement.execute(RemoteWebElement.java:285)\r\n\tat org.openqa.selenium.remote.RemoteWebElement.click(RemoteWebElement.java:84)\r\n\tat com.codeborne.selenide.commands.Click.click(Click.java:35)\r\n\tat com.codeborne.selenide.commands.Click.execute(Click.java:20)\r\n\tat com.codeborne.selenide.commands.Click.execute(Click.java:14)\r\n\tat com.codeborne.selenide.commands.Commands.execute(Commands.java:152)\r\n\tat com.codeborne.selenide.impl.SelenideElementProxy.dispatchAndRetry(SelenideElementProxy.java:104)\r\n\t... 28 more\r\n"},"stage":"finished","steps":[],"attachments":[],"parameters":[],"start":1597845596447,"stop":1597845630693,"uuid":"a888d6c2-528e-409c-b9d0-6a2cb1ba8e3d","historyId":"6cb73ddb07148159e3a57113ac7920a8","fullName":"com.valtech.TestCases.Exercises.exercise3","labels":[{"name":"package","value":"com.valtech.TestCases.Exercises"},{"name":"testClass","value":"com.valtech.TestCases.Exercises"},{"name":"testMethod","value":"exercise3"},{"name":"parentSuite","value":"Default Suite"},{"name":"suite","value":"qa-exercise"},{"name":"subSuite","value":"com.valtech.TestCases.Exercises"},{"name":"host","value":"WIN-4PT72I7HINB"},{"name":"thread","value":"28852@WIN-4PT72I7HINB.main(1)"}],"links":[]}