{"name":"User can successfully login after Sign Up even without activation","status":"failed","statusDetails":{"known":false,"muted":false,"flaky":false,"message":"Element not found {input[name=\"emailProvider\"].filter(visible)[0]}\r\nExpected: visible\r\nScreenshot: file:/C:/Users/User/IdeaProjects/appery/build/reports/tests/1594970835033.0.png\r\nPage source: file:/C:/Users/User/IdeaProjects/appery/build/reports/tests/1594970835033.0.html\r\nTimeout: 12 s.\r\nCaused by: java.lang.IndexOutOfBoundsException: Index 0 out of bounds for length 0","trace":"Element not found {input[name=\"emailProvider\"].filter(visible)[0]}\r\nExpected: visible\r\nScreenshot: file:/C:/Users/User/IdeaProjects/appery/build/reports/tests/1594970835033.0.png\r\nPage source: file:/C:/Users/User/IdeaProjects/appery/build/reports/tests/1594970835033.0.html\r\nTimeout: 12 s.\r\nCaused by: java.lang.IndexOutOfBoundsException: Index 0 out of bounds for length 0\r\n\tat com.codeborne.selenide.impl.CollectionElement.createElementNotFoundError(CollectionElement.java:61)\r\n\tat com.codeborne.selenide.impl.WebElementSource.checkCondition(WebElementSource.java:87)\r\n\tat com.codeborne.selenide.impl.WebElementSource.findAndAssertElementIsInteractable(WebElementSource.java:112)\r\n\tat com.codeborne.selenide.commands.SetValue.execute(SetValue.java:36)\r\n\tat com.codeborne.selenide.commands.SetValue.execute(SetValue.java:17)\r\n\tat com.codeborne.selenide.commands.Commands.execute(Commands.java:152)\r\n\tat com.codeborne.selenide.impl.SelenideElementProxy.dispatchAndRetry(SelenideElementProxy.java:104)\r\n\tat com.codeborne.selenide.impl.SelenideElementProxy.invoke(SelenideElementProxy.java:70)\r\n\tat com.sun.proxy.$Proxy7.setValue(Unknown Source)\r\n\tat io.appery.Pages.LoginPage.logInAfterLogout(LoginPage.java:43)\r\n\tat io.appery.TestCases.SignUp.SignUpTest.loginAfterSignUpWithoutActivation(SignUpTest.java:62)\r\n\tat java.base/jdk.internal.reflect.NativeMethodAccessorImpl.invoke0(Native Method)\r\n\tat java.base/jdk.internal.reflect.NativeMethodAccessorImpl.invoke(NativeMethodAccessorImpl.java:62)\r\n\tat java.base/jdk.internal.reflect.DelegatingMethodAccessorImpl.invoke(DelegatingMethodAccessorImpl.java:43)\r\n\tat java.base/java.lang.reflect.Method.invoke(Method.java:566)\r\n\tat org.testng.internal.MethodInvocationHelper.invokeMethod(MethodInvocationHelper.java:124)\r\n\tat org.testng.internal.Invoker.invokeMethod(Invoker.java:583)\r\n\tat org.testng.internal.Invoker.invokeTestMethod(Invoker.java:719)\r\n\tat org.testng.internal.Invoker.invokeTestMethods(Invoker.java:989)\r\n\tat org.testng.internal.TestMethodWorker.invokeTestMethods(TestMethodWorker.java:125)\r\n\tat org.testng.internal.TestMethodWorker.run(TestMethodWorker.java:109)\r\n\tat org.testng.TestRunner.privateRun(TestRunner.java:648)\r\n\tat org.testng.TestRunner.run(TestRunner.java:505)\r\n\tat org.testng.SuiteRunner.runTest(SuiteRunner.java:455)\r\n\tat org.testng.SuiteRunner.runSequentially(SuiteRunner.java:450)\r\n\tat org.testng.SuiteRunner.privateRun(SuiteRunner.java:415)\r\n\tat org.testng.SuiteRunner.run(SuiteRunner.java:364)\r\n\tat org.testng.SuiteRunnerWorker.runSuite(SuiteRunnerWorker.java:52)\r\n\tat org.testng.SuiteRunnerWorker.run(SuiteRunnerWorker.java:84)\r\n\tat org.testng.TestNG.runSuitesSequentially(TestNG.java:1208)\r\n\tat org.testng.TestNG.runSuitesLocally(TestNG.java:1137)\r\n\tat org.testng.TestNG.runSuites(TestNG.java:1049)\r\n\tat org.testng.TestNG.run(TestNG.java:1017)\r\n\tat com.intellij.rt.testng.IDEARemoteTestNG.run(IDEARemoteTestNG.java:66)\r\n\tat com.intellij.rt.testng.RemoteTestNGStarter.main(RemoteTestNGStarter.java:110)\r\nCaused by: java.lang.IndexOutOfBoundsException: Index 0 out of bounds for length 0\r\n\tat java.base/jdk.internal.util.Preconditions.outOfBounds(Preconditions.java:64)\r\n\tat java.base/jdk.internal.util.Preconditions.outOfBoundsCheckIndex(Preconditions.java:70)\r\n\tat java.base/jdk.internal.util.Preconditions.checkIndex(Preconditions.java:248)\r\n\tat java.base/java.util.Objects.checkIndex(Objects.java:372)\r\n\tat java.base/java.util.ArrayList.get(ArrayList.java:458)\r\n\tat com.codeborne.selenide.impl.CollectionElement.getWebElement(CollectionElement.java:46)\r\n\tat com.codeborne.selenide.impl.WebElementSource.checkCondition(WebElementSource.java:72)\r\n\t... 33 more\r\n"},"stage":"finished","steps":[],"attachments":[],"parameters":[],"start":1594970802820,"stop":1594970835461,"uuid":"b7683b4a-6ab9-4d88-b649-9c3c067f983b","historyId":"6233d81c4e71ab01bc9f0ece626a5fd4","fullName":"io.appery.TestCases.SignUp.SignUpTest.loginAfterSignUpWithoutActivation","labels":[{"name":"package","value":"io.appery.TestCases.SignUp.SignUpTest"},{"name":"testClass","value":"io.appery.TestCases.SignUp.SignUpTest"},{"name":"testMethod","value":"loginAfterSignUpWithoutActivation"},{"name":"parentSuite","value":"Default Suite"},{"name":"suite","value":"appery"},{"name":"subSuite","value":"io.appery.TestCases.SignUp.SignUpTest"},{"name":"host","value":"WIN-4PT72I7HINB"},{"name":"thread","value":"26884@WIN-4PT72I7HINB.main(1)"}],"links":[]}